-encoding
UTF-8
-outxml
-source
1.6
-target
1.6
-classpath
/home/ashok/.m2/repository/junit/junit/4.11/junit-4.11.jar:/home/ashok/.m2/repository/log4j/log4j/1.2.17/log4j-1.2.17.jar:/home/ashok/.m2/repository/org/slf4j/slf4j-api/1.7.5/slf4j-api-1.7.5.jar:/home/ashok/.m2/repository/org/slf4j/jcl-over-slf4j/1.7.5/jcl-over-slf4j-1.7.5.jar:/home/ashok/.m2/repository/org/slf4j/slf4j-log4j12/1.7.5/slf4j-log4j12-1.7.5.jar:/home/ashok/.m2/repository/org/aspectj/aspectjrt/1.7.2/aspectjrt-1.7.2.jar:/home/ashok/.m2/repository/org/aspectj/aspectjweaver/1.7.2/aspectjweaver-1.7.2.jar:/home/ashok/.m2/repository/javax/servlet/servlet-api/2.5/servlet-api-2.5.jar:/home/ashok/.m2/repository/net/sf/flexjson/flexjson/2.1/flexjson-2.1.jar:/home/ashok/.m2/repository/org/apache/commons/commons-lang3/3.1/commons-lang3-3.1.jar:/home/ashok/.m2/repository/org/springframework/roo/org.springframework.roo.annotations/1.2.4.RELEASE/org.springframework.roo.annotations-1.2.4.RELEASE.jar:/home/ashok/.m2/repository/org/springframework/spring-core/3.2.3.RELEASE/spring-core-3.2.3.RELEASE.jar:/home/ashok/.m2/repository/org/springframework/spring-test/3.2.3.RELEASE/spring-test-3.2.3.RELEASE.jar:/home/ashok/.m2/repository/org/springframework/spring-context/3.2.3.RELEASE/spring-context-3.2.3.RELEASE.jar:/home/ashok/.m2/repository/org/springframework/spring-aop/3.2.3.RELEASE/spring-aop-3.2.3.RELEASE.jar:/home/ashok/.m2/repository/org/springframework/spring-aspects/3.2.3.RELEASE/spring-aspects-3.2.3.RELEASE.jar:/home/ashok/.m2/repository/javax/persistence/persistence-api/1.0/persistence-api-1.0.jar:/home/ashok/.m2/repository/javax/validation/validation-api/1.0.0.GA/validation-api-1.0.0.GA.jar:/home/ashok/.m2/repository/org/hibernate/hibernate-validator/4.2.0.Final/hibernate-validator-4.2.0.Final.jar:/home/ashok/.m2/repository/org/cloudfoundry/cloudfoundry-runtime/0.8.0/cloudfoundry-runtime-0.8.0.jar:/home/ashok/.m2/repository/org/springframework/data/spring-data-mongodb/1.3.1.RELEASE/spring-data-mongodb-1.3.1.RELEASE.jar:/home/ashok/.m2/repository/org/springframework/spring-webmvc/3.2.3.RELEASE/spring-webmvc-3.2.3.RELEASE.jar:/home/ashok/.m2/repository/org/springframework/webflow/spring-js-resources/2.2.1.RELEASE/spring-js-resources-2.2.1.RELEASE.jar:/home/ashok/.m2/repository/commons-digester/commons-digester/2.1/commons-digester-2.1.jar:/home/ashok/.m2/repository/commons-fileupload/commons-fileupload/1.2.2/commons-fileupload-1.2.2.jar:/home/ashok/.m2/repository/javax/servlet/jsp/jstl/jstl-api/1.2/jstl-api-1.2.jar:/home/ashok/.m2/repository/org/glassfish/web/jstl-impl/1.2/jstl-impl-1.2.jar:/home/ashok/.m2/repository/javax/el/el-api/2.2/el-api-2.2.jar:/home/ashok/.m2/repository/joda-time/joda-time/1.6/joda-time-1.6.jar:/home/ashok/.m2/repository/javax/servlet/jsp/jsp-api/2.1/jsp-api-2.1.jar:/home/ashok/.m2/repository/commons-codec/commons-codec/1.5/commons-codec-1.5.jar:/home/ashok/.m2/repository/org/apache/tiles/tiles-jsp/2.2.2/tiles-jsp-2.2.2.jar:/home/ashok/.m2/repository/org/springframework/security/spring-security-core/3.1.0.RELEASE/spring-security-core-3.1.0.RELEASE.jar:/home/ashok/.m2/repository/org/springframework/security/spring-security-config/3.1.0.RELEASE/spring-security-config-3.1.0.RELEASE.jar:/home/ashok/.m2/repository/org/springframework/security/spring-security-web/3.1.0.RELEASE/spring-security-web-3.1.0.RELEASE.jar:/home/ashok/.m2/repository/org/springframework/security/spring-security-taglibs/3.1.0.RELEASE/spring-security-taglibs-3.1.0.RELEASE.jar:/home/ashok/.m2/repository/com/maxmind/geoip2/geoip2/0.5.0/geoip2-0.5.0.jar:/home/ashok/.m2/repository/commons-io/commons-io/2.1/commons-io-2.1.jar:/home/ashok/.m2/repository/org/springframework/spring-beans/3.2.3.RELEASE/spring-beans-3.2.3.RELEASE.jar:/home/ashok/.m2/repository/org/springframework/spring-expression/3.2.3.RELEASE/spring-expression-3.2.3.RELEASE.jar:/home/ashok/.m2/repository/aopalliance/aopalliance/1.0/aopalliance-1.0.jar:/home/ashok/.m2/repository/org/springframework/spring-context-support/3.2.3.RELEASE/spring-context-support-3.2.3.RELEASE.jar:/home/ashok/.m2/repository/org/springframework/spring-tx/3.1.4.RELEASE/spring-tx-3.1.4.RELEASE.jar:/home/ashok/.m2/repository/org/springframework/data/spring-data-commons/1.6.1.RELEASE/spring-data-commons-1.6.1.RELEASE.jar:/home/ashok/.m2/repository/org/mongodb/mongo-java-driver/2.10.1/mongo-java-driver-2.10.1.jar:/home/ashok/.m2/repository/org/springframework/spring-web/3.2.3.RELEASE/spring-web-3.2.3.RELEASE.jar:/home/ashok/.m2/repository/commons-beanutils/commons-beanutils/1.8.3/commons-beanutils-1.8.3.jar:/home/ashok/.m2/repository/org/apache/tiles/tiles-servlet/2.2.2/tiles-servlet-2.2.2.jar:/home/ashok/.m2/repository/org/apache/tiles/tiles-core/2.2.2/tiles-core-2.2.2.jar:/home/ashok/.m2/repository/org/apache/tiles/tiles-template/2.2.2/tiles-template-2.2.2.jar:/home/ashok/.m2/repository/org/apache/tiles/tiles-api/2.2.2/tiles-api-2.2.2.jar:/home/ashok/.m2/repository/org/springframework/security/spring-security-crypto/3.1.0.RELEASE/spring-security-crypto-3.1.0.RELEASE.jar:/home/ashok/.m2/repository/org/springframework/spring-jdbc/3.0.6.RELEASE/spring-jdbc-3.0.6.RELEASE.jar:/home/ashok/.m2/repository/org/springframework/security/spring-security-acl/3.1.0.RELEASE/spring-security-acl-3.1.0.RELEASE.jar:/home/ashok/.m2/repository/com/maxmind/db/maxminddb/0.3.0/maxminddb-0.3.0.jar:/home/ashok/.m2/repository/com/google/guava/guava/14.0.1/guava-14.0.1.jar:/home/ashok/.m2/repository/com/google/http-client/google-http-client/1.17.0-rc/google-http-client-1.17.0-rc.jar:/home/ashok/.m2/repository/com/google/code/findbugs/jsr305/1.3.9/jsr305-1.3.9.jar:/home/ashok/.m2/repository/org/apache/httpcomponents/httpclient/4.0.1/httpclient-4.0.1.jar:/home/ashok/.m2/repository/org/apache/httpcomponents/httpcore/4.0.1/httpcore-4.0.1.jar:/home/ashok/.m2/repository/commons-logging/commons-logging/1.1.1/commons-logging-1.1.1.jar:/home/ashok/.m2/repository/com/fasterxml/jackson/core/jackson-databind/2.2.0/jackson-databind-2.2.0.jar:/home/ashok/.m2/repository/com/fasterxml/jackson/core/jackson-annotations/2.2.0/jackson-annotations-2.2.0.jar:/home/ashok/.m2/repository/com/fasterxml/jackson/core/jackson-core/2.2.0/jackson-core-2.2.0.jar:/usr/projects/dataomapp/target/classes
-aspectpath
/home/ashok/.m2/repository/org/springframework/spring-aspects/3.2.3.RELEASE/spring-aspects-3.2.3.RELEASE.jar
-d
/usr/projects/dataomapp/target/classes
/usr/projects/dataomapp/src/main/java/com/dataom/app/svc/PixelDataProcessorImpl.java
/usr/projects/dataomapp/src/main/java/com/dataom/app/svc/Reports.java
/usr/projects/dataomapp/src/main/java/com/dataom/app/svc/MapReduceJobs.java
/usr/projects/dataomapp/src/main/java/com/dataom/app/svc/PixelDataProcessorSvc.java
/usr/projects/dataomapp/src/main/java/com/dataom/app/svc/MapReduceJobsImpl.java
/usr/projects/dataomapp/src/main/java/com/dataom/app/svc/ReportsImpl.java
/usr/projects/dataomapp/src/main/java/com/dataom/app/svc/Utils.java
/usr/projects/dataomapp/src/main/java/com/dataom/app/domain/Distribution_Roo_Mongo_Entity.aj
/usr/projects/dataomapp/src/main/java/com/dataom/app/domain/SegmentCondition.java
/usr/projects/dataomapp/src/main/java/com/dataom/app/domain/Attr_Roo_JavaBean.aj
/usr/projects/dataomapp/src/main/java/com/dataom/app/domain/SegmentCondition_Roo_JavaBean.aj
/usr/projects/dataomapp/src/main/java/com/dataom/app/domain/Segment_Roo_ToString.aj
/usr/projects/dataomapp/src/main/java/com/dataom/app/domain/Segment.java
/usr/projects/dataomapp/src/main/java/com/dataom/app/domain/Attr_Roo_Mongo_Entity.aj
/usr/projects/dataomapp/src/main/java/com/dataom/app/domain/Distribution.java
/usr/projects/dataomapp/src/main/java/com/dataom/app/domain/Segment_Roo_Mongo_Entity.aj
/usr/projects/dataomapp/src/main/java/com/dataom/app/domain/Attr.java
/usr/projects/dataomapp/src/main/java/com/dataom/app/domain/Attr_Roo_ToString.aj
/usr/projects/dataomapp/src/main/java/com/dataom/app/domain/Segment_Roo_JavaBean.aj
/usr/projects/dataomapp/src/main/java/com/dataom/app/domain/Distribution_Roo_JavaBean.aj
/usr/projects/dataomapp/src/main/java/com/dataom/app/domain/Distribution_Roo_ToString.aj
/usr/projects/dataomapp/src/main/java/com/dataom/app/web/AttrController.java
/usr/projects/dataomapp/src/main/java/com/dataom/app/web/IdMappingPixeler.java
/usr/projects/dataomapp/src/main/java/com/dataom/app/web/SegmentController.java
/usr/projects/dataomapp/src/main/java/com/dataom/app/web/StatsController.java
/usr/projects/dataomapp/src/main/java/com/dataom/app/web/ApplicationConversionServiceFactoryBean.java
/usr/projects/dataomapp/src/main/java/com/dataom/app/web/ApplicationConversionServiceFactoryBean_Roo_ConversionService.aj
/usr/projects/dataomapp/src/main/java/com/dataom/app/web/ReportsController.java
/usr/projects/dataomapp/src/main/java/com/dataom/app/web/DistributionController.java
/usr/projects/dataomapp/src/main/java/com/dataom/app/web/PixelServer.java
/usr/projects/dataomapp/src/main/java/com/dataom/app/dao/DistributionDao_Roo_Mongo_Repository.aj
/usr/projects/dataomapp/src/main/java/com/dataom/app/dao/SegmentDao_Roo_Mongo_Repository.aj
/usr/projects/dataomapp/src/main/java/com/dataom/app/dao/DistributionDao.java
/usr/projects/dataomapp/src/main/java/com/dataom/app/dao/AttrDao.java
/usr/projects/dataomapp/src/main/java/com/dataom/app/dao/SegmentDao.java
/usr/projects/dataomapp/src/main/java/com/dataom/app/dao/AttrDao_Roo_Mongo_Repository.aj
